<?xml version="1.0" encoding="UTF-8"?>
<!-- Generated by org.testng.reporters.JUnitReportReporter -->
<testsuite hostname="EBL-FVFZ88FFJ1WK" failures="0" tests="3" name="com.micrositescreenloadtimeqa.testcases.MicrositePageLoadTimeTest" time="41.516" errors="0" timestamp="21 May 2023 11:20:42 GMT" skipped="0">
  <testcase classname="com.micrositescreenloadtimeqa.testcases.MicrositePageLoadTimeTest" name="maharashtraTeacherTimeTest" time="15.205"/>
  <testcase classname="com.micrositescreenloadtimeqa.testcases.MicrositePageLoadTimeTest" name="jammuKhasmirStudentTimeTest" time="14.421"/>
  <testcase classname="com.micrositescreenloadtimeqa.testcases.MicrositePageLoadTimeTest" name="jammuKhasmirTeacherTimeTest" time="11.890"/>
</testsuite> <!-- com.micrositescreenloadtimeqa.testcases.MicrositePageLoadTimeTest -->
